<?xml version="1.0" encoding="UTF-8"?>
<robot generator="Robot 6.0.2 (Python 3.9.13 on win32)" generated="20230420 12:42:46.681" rpa="false" schemaversion="3">
<suite id="s1" name="Login Test" source="C:\Users\xxpallep\PycharmProjects\pythonProject\API_Testing_Robot_Framework_\login_test.robot">
<test id="s1-t1" name="LoginTest" line="12">
<kw name="Create Session" library="RequestsLibrary">
<arg>login</arg>
<arg>${baseurl}</arg>
<doc>Create Session: create a HTTP session to a server</doc>
<msg timestamp="20230420 12:42:47.007" level="INFO">Creating Session using : alias=login, url=https://opensource-demo.orangehrmlive.com/web/index.php/auth/login, headers={},                     cookies={}, auth=None, timeout=None, proxies=None, verify=False,                     debug=0 </msg>
<status status="PASS" starttime="20230420 12:42:47.006" endtime="20230420 12:42:47.007"/>
</kw>
<kw name="GET On Session" library="RequestsLibrary">
<var>${response}</var>
<arg>login</arg>
<arg>${baseurl}</arg>
<doc>Sends a GET request on a previously created HTTP Session.</doc>
<msg timestamp="20230420 12:42:47.363" level="INFO">GET Request : url=https://opensource-demo.orangehrmlive.com/web/index.php/auth/login 
 path_url=/web/index.php/auth/login 
 headers={'User-Agent': 'python-requests/2.28.2', 'Accept-Encoding': 'gzip, deflate', 'Accept': '*/*', 'Connection': 'keep-alive'} 
 body=None 
 </msg>
<msg timestamp="20230420 12:42:47.363" level="INFO">GET Response : url=https://opensource-demo.orangehrmlive.com/web/index.php/auth/login 
 status=200, reason=OK 
 headers={'Server': 'nginx', 'Date': 'Thu, 20 Apr 2023 10:42:48 GMT', 'Content-Type': 'text/html; charset=UTF-8', 'Transfer-Encoding': 'chunked', 'Connection': 'keep-alive', 'Set-Cookie': 'orangehrm=808b782175ce63c1fb76c6316278758b; path=/web; secure; HttpOnly; SameSite=Strict', 'Cache-Control': 'no-cache, private', 'X-Content-Type-Options': 'nosniff', 'X-XSS-Protection': '1; mode=block', 'Strict-Transport-Security': 'max-age=63072000; includeSubdomains; ', 'Content-Security-Policy': "default-src blob: 'self' *.projects-abroad.net fonts.googleapis.com www.google.com fonts.gstatic.com code.jquery.com maxcdn.bootstrapcdn.com ajax.googleapis.com cdnjs.cloudflare.com native.testing.equest.com www.youtube.com demo.docusign.net youtu.be player.vimeo.com docs.google.com 'unsafe-inline' 'unsafe-eval' data: font;frame-src 'self' *.amazonaws.com native.testing.equest.com sandbox.e-signlive.com;connect-src 'self' *.orangehrm.com;img-src * 'self' data: blob:", 'Public-Key-Pins': 'pin-sha256="blgmjf3Tb3C0sUqb7jo4axiZAnr327fX0ycrUGqjw2k=";pin-sha256="yQhO6YqQX5Y/NxyHAjXnI3jOtYWUm/TtRr666RunXRg="; pin-sha256="puCdyuZdXoDc5jSdcGKU6mdjd0VNq16yoaO2BcDF36A="; max-age=63072000; includeSubDomains'} 
 body=&lt;!DOCTYPE html&gt;
&lt;html&gt;
&lt;head&gt;
  &lt;meta charset="UTF-8"&gt;
  &lt;meta http-equiv="X-UA-Compatible" content="IE=edge"&gt;
  &lt;meta name="viewport" content="width=device-width,initial-scale=1"&gt;
  &lt;title&gt;OrangeHRM&lt;/title&gt;
      &lt;link rel="icon" href="/web/dist/favicon.ico?1672659722816"&gt;
    &lt;link href="/web/dist/css/chunk-vendors.css?1672659722816" rel="preload" as="style"&gt;
    &lt;link href="/web/dist/css/app.css?1672659722816" rel="preload" as="style"&gt;
    &lt;link href="/web/dist/js/chunk-vendors.js?1672659722816" rel="preload" as="script"&gt;
    &lt;link href="/web/dist/js/app.js?1672659722816" rel="preload" as="script"&gt;
      &lt;link href="/web/dist/css/chunk-vendors.css?1672659722816" rel="stylesheet"/&gt;
    &lt;link href="/web/dist/css/app.css?1672659722816" rel="stylesheet"/&gt;
&lt;/head&gt;
&lt;body&gt;
  &lt;style&gt;
    :root {
            --oxd-primary-one-color:#1dff2c;
            --oxd-primary-font-color:#f4e6e6;
            --oxd-secondary-four-color:#76BC21;
            --oxd-secondary-font-color:#FFFFFF;
            --oxd-primary-gradient-start-color:#FF920B;
            --oxd-primary-gradient-end-color:#F35C17;
            --oxd-primary-one-lighten-5-color:#37ff44;
            --oxd-primary-one-lighten-30-color:#b6ffbb;
            --oxd-primary-one-darken-5-color:#03ff14;
            --oxd-primary-one-alpha-10-color:rgba(29, 255, 44, 0.1);
            --oxd-primary-one-alpha-15-color:rgba(29, 255, 44, 0.15);
            --oxd-primary-one-alpha-20-color:rgba(29, 255, 44, 0.2);
            --oxd-primary-one-alpha-50-color:rgba(29, 255, 44, 0.5);
            --oxd-secondary-four-lighten-5-color:#84d225;
            --oxd-secondary-four-darken-5-color:#68a61d;
            --oxd-secondary-four-alpha-10-color:rgba(118, 188, 33, 0.1);
            --oxd-secondary-four-alpha-15-color:rgba(118, 188, 33, 0.15);
            --oxd-secondary-four-alpha-20-color:rgba(118, 188, 33, 0.2);
            --oxd-secondary-four-alpha-50-color:rgba(118, 188, 33, 0.5);
        }
  &lt;/style&gt;
    &lt;noscript&gt;
        &lt;strong&gt;
            We're sorry but orangehrm doesn't work properly without JavaScript enabled. Please enable it to continue.
        &lt;/strong&gt;
    &lt;/noscript&gt;

    &lt;div id="app"&gt;
    &lt;auth-login
            :token="&amp;quot;f7f647957.iIVA6F6P_-jaUuJhqFE3SdvXsfhQExg9tCzCZV0Nnww.770xxTDAl4SLMacQ4BBmCOm53M0mIGIK91qHUwdez1rMsSidNd2q0KoXgQ&amp;quot;"
            :login-logo-src="&amp;quot;\/web\/images\/ohrm_logo.png&amp;quot;"
            :login-banner-src="&amp;quot;\/web\/images\/ohrm_branding.png?1672659722816&amp;quot;"
            :show-social-media="true"
            :is-demo-mode="true"
        &gt;
    &lt;template v-slot:footer&gt;
        &lt;div class="orangehrm-copyright-wrapper"&gt;
            &lt;oxd-text tag="p" class="orangehrm-copyright"&gt;OrangeHRM OS 5.3&lt;/oxd-text&gt;
&lt;oxd-text tag="p" class="orangehrm-copyright"&gt;&amp;copy; 2005 - 2023 &lt;a href="http://www.orangehrm.com" target="_blank"&gt;OrangeHRM, Inc&lt;/a&gt;. All rights reserved.&lt;/oxd-text&gt;
        &lt;/div&gt;
    &lt;/template&gt;
    &lt;/auth-login&gt;
    &lt;/div&gt;
    &lt;script type="text/javascript"&gt;
        window.appGlobal = {
            baseUrl: "/web/index.php",
        }
    &lt;/script&gt;
    &lt;script src="/web/dist/js/chunk-vendors.js?1672659722816"&gt;&lt;/script&gt;
    &lt;script src="/web/dist/js/app.js?1672659722816"&gt;&lt;/script&gt;
&lt;/body&gt;
&lt;/html&gt;
 
 </msg>
<msg timestamp="20230420 12:42:47.363" level="INFO">C:\Users\xxpallep\PycharmProjects\pythonProject\venv\lib\site-packages\urllib3\connectionpool.py:1045: InsecureRequestWarning: Unverified HTTPS request is being made to host 'opensource-demo.orangehrmlive.com'. Adding certificate verification is strongly advised. See: https://urllib3.readthedocs.io/en/1.26.x/advanced-usage.html#ssl-warnings
  warnings.warn(</msg>
<msg timestamp="20230420 12:42:47.364" level="INFO">${response} = &lt;Response [200]&gt;</msg>
<status status="PASS" starttime="20230420 12:42:47.007" endtime="20230420 12:42:47.364"/>
</kw>
<kw name="Log" library="BuiltIn">
<arg>${response.status_code}</arg>
<doc>Logs the given message with the given level.</doc>
<msg timestamp="20230420 12:42:47.366" level="INFO">200</msg>
<status status="PASS" starttime="20230420 12:42:47.365" endtime="20230420 12:42:47.366"/>
</kw>
<kw name="Log" library="BuiltIn">
<arg>${response.content}</arg>
<doc>Logs the given message with the given level.</doc>
<msg timestamp="20230420 12:42:47.368" level="INFO">&lt;!DOCTYPE html&gt;
&lt;html&gt;
&lt;head&gt;
  &lt;meta charset="UTF-8"&gt;
  &lt;meta http-equiv="X-UA-Compatible" content="IE=edge"&gt;
  &lt;meta name="viewport" content="width=device-width,initial-scale=1"&gt;
  &lt;title&gt;OrangeHRM&lt;/title&gt;
      &lt;link rel="icon" href="/web/dist/favicon.ico?1672659722816"&gt;
    &lt;link href="/web/dist/css/chunk-vendors.css?1672659722816" rel="preload" as="style"&gt;
    &lt;link href="/web/dist/css/app.css?1672659722816" rel="preload" as="style"&gt;
    &lt;link href="/web/dist/js/chunk-vendors.js?1672659722816" rel="preload" as="script"&gt;
    &lt;link href="/web/dist/js/app.js?1672659722816" rel="preload" as="script"&gt;
      &lt;link href="/web/dist/css/chunk-vendors.css?1672659722816" rel="stylesheet"/&gt;
    &lt;link href="/web/dist/css/app.css?1672659722816" rel="stylesheet"/&gt;
&lt;/head&gt;
&lt;body&gt;
  &lt;style&gt;
    :root {
            --oxd-primary-one-color:#1dff2c;
            --oxd-primary-font-color:#f4e6e6;
            --oxd-secondary-four-color:#76BC21;
            --oxd-secondary-font-color:#FFFFFF;
            --oxd-primary-gradient-start-color:#FF920B;
            --oxd-primary-gradient-end-color:#F35C17;
            --oxd-primary-one-lighten-5-color:#37ff44;
            --oxd-primary-one-lighten-30-color:#b6ffbb;
            --oxd-primary-one-darken-5-color:#03ff14;
            --oxd-primary-one-alpha-10-color:rgba(29, 255, 44, 0.1);
            --oxd-primary-one-alpha-15-color:rgba(29, 255, 44, 0.15);
            --oxd-primary-one-alpha-20-color:rgba(29, 255, 44, 0.2);
            --oxd-primary-one-alpha-50-color:rgba(29, 255, 44, 0.5);
            --oxd-secondary-four-lighten-5-color:#84d225;
            --oxd-secondary-four-darken-5-color:#68a61d;
            --oxd-secondary-four-alpha-10-color:rgba(118, 188, 33, 0.1);
            --oxd-secondary-four-alpha-15-color:rgba(118, 188, 33, 0.15);
            --oxd-secondary-four-alpha-20-color:rgba(118, 188, 33, 0.2);
            --oxd-secondary-four-alpha-50-color:rgba(118, 188, 33, 0.5);
        }
  &lt;/style&gt;
    &lt;noscript&gt;
        &lt;strong&gt;
            We're sorry but orangehrm doesn't work properly without JavaScript enabled. Please enable it to continue.
        &lt;/strong&gt;
    &lt;/noscript&gt;

    &lt;div id="app"&gt;
    &lt;auth-login
            :token="&amp;quot;f7f647957.iIVA6F6P_-jaUuJhqFE3SdvXsfhQExg9tCzCZV0Nnww.770xxTDAl4SLMacQ4BBmCOm53M0mIGIK91qHUwdez1rMsSidNd2q0KoXgQ&amp;quot;"
            :login-logo-src="&amp;quot;\/web\/images\/ohrm_logo.png&amp;quot;"
            :login-banner-src="&amp;quot;\/web\/images\/ohrm_branding.png?1672659722816&amp;quot;"
            :show-social-media="true"
            :is-demo-mode="true"
        &gt;
    &lt;template v-slot:footer&gt;
        &lt;div class="orangehrm-copyright-wrapper"&gt;
            &lt;oxd-text tag="p" class="orangehrm-copyright"&gt;OrangeHRM OS 5.3&lt;/oxd-text&gt;
&lt;oxd-text tag="p" class="orangehrm-copyright"&gt;&amp;copy; 2005 - 2023 &lt;a href="http://www.orangehrm.com" target="_blank"&gt;OrangeHRM, Inc&lt;/a&gt;. All rights reserved.&lt;/oxd-text&gt;
        &lt;/div&gt;
    &lt;/template&gt;
    &lt;/auth-login&gt;
    &lt;/div&gt;
    &lt;script type="text/javascript"&gt;
        window.appGlobal = {
            baseUrl: "/web/index.php",
        }
    &lt;/script&gt;
    &lt;script src="/web/dist/js/chunk-vendors.js?1672659722816"&gt;&lt;/script&gt;
    &lt;script src="/web/dist/js/app.js?1672659722816"&gt;&lt;/script&gt;
&lt;/body&gt;
&lt;/html&gt;
</msg>
<status status="PASS" starttime="20230420 12:42:47.367" endtime="20230420 12:42:47.368"/>
</kw>
<kw name="Log" library="BuiltIn">
<arg>${response.headers}</arg>
<doc>Logs the given message with the given level.</doc>
<msg timestamp="20230420 12:42:47.371" level="INFO">{'Server': 'nginx', 'Date': 'Thu, 20 Apr 2023 10:42:48 GMT', 'Content-Type': 'text/html; charset=UTF-8', 'Transfer-Encoding': 'chunked', 'Connection': 'keep-alive', 'Set-Cookie': 'orangehrm=808b782175ce63c1fb76c6316278758b; path=/web; secure; HttpOnly; SameSite=Strict', 'Cache-Control': 'no-cache, private', 'X-Content-Type-Options': 'nosniff', 'X-XSS-Protection': '1; mode=block', 'Strict-Transport-Security': 'max-age=63072000; includeSubdomains; ', 'Content-Security-Policy': "default-src blob: 'self' *.projects-abroad.net fonts.googleapis.com www.google.com fonts.gstatic.com code.jquery.com maxcdn.bootstrapcdn.com ajax.googleapis.com cdnjs.cloudflare.com native.testing.equest.com www.youtube.com demo.docusign.net youtu.be player.vimeo.com docs.google.com 'unsafe-inline' 'unsafe-eval' data: font;frame-src 'self' *.amazonaws.com native.testing.equest.com sandbox.e-signlive.com;connect-src 'self' *.orangehrm.com;img-src * 'self' data: blob:", 'Public-Key-Pins': 'pin-sha256="blgmjf3Tb3C0sUqb7jo4axiZAnr327fX0ycrUGqjw2k=";pin-sha256="yQhO6YqQX5Y/NxyHAjXnI3jOtYWUm/TtRr666RunXRg="; pin-sha256="puCdyuZdXoDc5jSdcGKU6mdjd0VNq16yoaO2BcDF36A="; max-age=63072000; includeSubDomains'}</msg>
<status status="PASS" starttime="20230420 12:42:47.369" endtime="20230420 12:42:47.371"/>
</kw>
<kw name="Convert To String" library="BuiltIn">
<var>${status_code}</var>
<arg>${response.status_code}</arg>
<doc>Converts the given item to a Unicode string.</doc>
<msg timestamp="20230420 12:42:47.373" level="INFO">${status_code} = 200</msg>
<status status="PASS" starttime="20230420 12:42:47.372" endtime="20230420 12:42:47.373"/>
</kw>
<kw name="Should Be Equal As Strings" library="BuiltIn">
<arg>${status_code}</arg>
<arg>200</arg>
<doc>Fails if objects are unequal after converting them to strings.</doc>
<status status="PASS" starttime="20230420 12:42:47.374" endtime="20230420 12:42:47.375"/>
</kw>
<kw name="Convert To String" library="BuiltIn">
<var>${content}</var>
<arg>${response.content}</arg>
<doc>Converts the given item to a Unicode string.</doc>
<msg timestamp="20230420 12:42:47.376" level="INFO">${content} = &lt;!DOCTYPE html&gt;
&lt;html&gt;
&lt;head&gt;
  &lt;meta charset="UTF-8"&gt;
  &lt;meta http-equiv="X-UA-Compatible" content="IE=edge"&gt;
  &lt;meta name="viewport" content="width=device-width,initial-scale=1"&gt;
  &lt;title&gt;OrangeHRM&lt;...</msg>
<status status="PASS" starttime="20230420 12:42:47.375" endtime="20230420 12:42:47.376"/>
</kw>
<kw name="Should Contain" library="BuiltIn">
<arg>${content}</arg>
<arg>OrangeHRM</arg>
<doc>Fails if ``container`` does not contain ``item`` one or more times.</doc>
<status status="PASS" starttime="20230420 12:42:47.377" endtime="20230420 12:42:47.377"/>
</kw>
<status status="PASS" starttime="20230420 12:42:47.005" endtime="20230420 12:42:47.380"/>
</test>
<test id="s1-t2" name="PostRequest" line="23">
<kw name="Create Session" library="RequestsLibrary">
<arg>registration</arg>
<arg>${url}</arg>
<doc>Create Session: create a HTTP session to a server</doc>
<msg timestamp="20230420 12:42:47.384" level="INFO">Creating Session using : alias=registration, url=https://reqres.in, headers={},                     cookies={}, auth=None, timeout=None, proxies=None, verify=False,                     debug=0 </msg>
<status status="PASS" starttime="20230420 12:42:47.383" endtime="20230420 12:42:47.384"/>
</kw>
<kw name="Create Dictionary" library="BuiltIn">
<var>${body}</var>
<arg>email=morpheus</arg>
<arg>job=leader</arg>
<doc>Creates and returns a dictionary based on the given ``items``.</doc>
<msg timestamp="20230420 12:42:47.386" level="INFO">${body} = {'email': 'morpheus', 'job': 'leader'}</msg>
<status status="PASS" starttime="20230420 12:42:47.386" endtime="20230420 12:42:47.387"/>
</kw>
<kw name="POST On Session" library="RequestsLibrary">
<var>${response}</var>
<arg>registration</arg>
<arg>${url}/api/users</arg>
<arg>data=${body}</arg>
<doc>Sends a POST request on a previously created HTTP Session.</doc>
<msg timestamp="20230420 12:42:47.550" level="INFO">POST Request : url=https://reqres.in/api/users 
 path_url=/api/users 
 headers={'User-Agent': 'python-requests/2.28.2', 'Accept-Encoding': 'gzip, deflate', 'Accept': '*/*', 'Connection': 'keep-alive', 'Content-Length': '25', 'Content-Type': 'application/x-www-form-urlencoded'} 
 body=email=morpheus&amp;job=leader 
 </msg>
<msg timestamp="20230420 12:42:47.551" level="INFO">POST Response : url=https://reqres.in/api/users 
 status=201, reason=Created 
 headers={'Date': 'Thu, 20 Apr 2023 10:42:48 GMT', 'Content-Type': 'application/json; charset=utf-8', 'Content-Length': '85', 'Connection': 'keep-alive', 'X-Powered-By': 'Express', 'Access-Control-Allow-Origin': '*', 'Etag': 'W/"55-FccAeR3yd7LlVpPjSeBGDUjyIE0"', 'Via': '1.1 vegur', 'CF-Cache-Status': 'DYNAMIC', 'Report-To': '{"endpoints":[{"url":"https:\\/\\/a.nel.cloudflare.com\\/report\\/v3?s=mGbU3vMnEbSdCWYxiJWfpnpYxh0jYlAeO9sxR0D4dbDPoe1f2%2F2rTHFD10f6RE0zbQCrIroTyMSyw6j23vxm1z1YdwKpYq1q%2FgUejrhuWSlzvOIlItAiKUxdGA%3D%3D"}],"group":"cf-nel","max_age":604800}', 'NEL': '{"success_fraction":0,"report_to":"cf-nel","max_age":604800}', 'Server': 'cloudflare', 'CF-RAY': '7bacc85ecb6b0b3d-OSL'} 
 body={"email":"morpheus","job":"leader","id":"787","createdAt":"2023-04-20T10:42:48.850Z"} 
 </msg>
<msg timestamp="20230420 12:42:47.551" level="INFO">C:\Users\xxpallep\PycharmProjects\pythonProject\venv\lib\site-packages\urllib3\connectionpool.py:1045: InsecureRequestWarning: Unverified HTTPS request is being made to host 'reqres.in'. Adding certificate verification is strongly advised. See: https://urllib3.readthedocs.io/en/1.26.x/advanced-usage.html#ssl-warnings
  warnings.warn(</msg>
<msg timestamp="20230420 12:42:47.552" level="INFO">${response} = &lt;Response [201]&gt;</msg>
<status status="PASS" starttime="20230420 12:42:47.387" endtime="20230420 12:42:47.552"/>
</kw>
<kw name="Should Be Equal As Strings" library="BuiltIn">
<arg>${response.status_code}</arg>
<arg>201</arg>
<doc>Fails if objects are unequal after converting them to strings.</doc>
<msg timestamp="20230420 12:42:47.554" level="INFO">Argument types are:
&lt;class 'int'&gt;
&lt;class 'str'&gt;</msg>
<status status="PASS" starttime="20230420 12:42:47.553" endtime="20230420 12:42:47.554"/>
</kw>
<kw name="Convert To String" library="BuiltIn">
<var>${response_txt}</var>
<arg>${response.content}</arg>
<doc>Converts the given item to a Unicode string.</doc>
<msg timestamp="20230420 12:42:47.556" level="INFO">${response_txt} = {"email":"morpheus","job":"leader","id":"787","createdAt":"2023-04-20T10:42:48.850Z"}</msg>
<status status="PASS" starttime="20230420 12:42:47.555" endtime="20230420 12:42:47.556"/>
</kw>
<kw name="Should Contain" library="BuiltIn">
<arg>${response_txt}</arg>
<arg>leader</arg>
<doc>Fails if ``container`` does not contain ``item`` one or more times.</doc>
<status status="PASS" starttime="20230420 12:42:47.557" endtime="20230420 12:42:47.558"/>
</kw>
<status status="PASS" starttime="20230420 12:42:47.381" endtime="20230420 12:42:47.558"/>
</test>
<status status="PASS" starttime="20230420 12:42:46.685" endtime="20230420 12:42:47.562"/>
</suite>
<statistics>
<total>
<stat pass="2" fail="0" skip="0">All Tests</stat>
</total>
<tag>
</tag>
<suite>
<stat pass="2" fail="0" skip="0" id="s1" name="Login Test">Login Test</stat>
</suite>
</statistics>
<errors>
</errors>
</robot>
